/home/sanjeev/.envs/py36rl/lib/python3.6/site-packages/gym/envs/registration.py:14: PkgResourcesDeprecationWarning: Parameters to load are deprecated.  Call .resolve and .require separately.
  result = entry_point.load(False)
/home/sanjeev/.envs/py36rl/lib/python3.6/site-packages/torch/cuda/__init__.py:52: UserWarning: CUDA initialization: The NVIDIA driver on your system is too old (found version 9000). Please update your GPU driver by downloading and installing a new version from the URL: http://www.nvidia.com/Download/index.aspx Alternatively, go to: https://pytorch.org to install a PyTorch version that has been compiled with your version of the CUDA driver. (Triggered internally at  /pytorch/c10/cuda/CUDAFunctions.cpp:100.)
  return torch._C._cuda_getDeviceCount() > 0
[33mWARN: gym.spaces.Box autodetected dtype as <class 'numpy.uint8'>. Please provide explicit dtype.[0m
[33mWARN: gym.spaces.Box autodetected dtype as <class 'numpy.uint8'>. Please provide explicit dtype.[0m
[33mWARN: <class 'atari_wrapper.FrameStack'> doesn't implement 'reset' method, but it implements deprecated '_reset' method.[0m
Traceback (most recent call last):
  File "main.py", line 37, in <module>
    run(args)
  File "main.py", line 26, in run
    agent.train()
  File "/home/sanjeev/Documents/WPI/sem3/RL/Atari_Breakout/agent_dqn.py", line 237, in train
    self.policy_net(state_batch.to(device)).gather(1, action_batch.to(device))
  File "/home/sanjeev/.envs/py36rl/lib/python3.6/site-packages/torch/nn/modules/module.py", line 727, in _call_impl
    result = self.forward(*input, **kwargs)
  File "/home/sanjeev/Documents/WPI/sem3/RL/Atari_Breakout/dqn_model.py", line 60, in forward
    x = F.relu(self.bn1(self.conv1(x)))
  File "/home/sanjeev/.envs/py36rl/lib/python3.6/site-packages/torch/nn/modules/module.py", line 727, in _call_impl
    result = self.forward(*input, **kwargs)
  File "/home/sanjeev/.envs/py36rl/lib/python3.6/site-packages/torch/nn/modules/batchnorm.py", line 136, in forward
    self.weight, self.bias, bn_training, exponential_average_factor, self.eps)
  File "/home/sanjeev/.envs/py36rl/lib/python3.6/site-packages/torch/nn/functional.py", line 2058, in batch_norm
    training, momentum, eps, torch.backends.cudnn.enabled
KeyboardInterrupt
